[     153ms] [LOG] [Fast Refresh] rebuilding @ http://localhost:3000/mrciphersmith/_next/static/chunks/node_modules_next_dist_115brz8._.js:2431
[    1188ms] [LOG] [Fast Refresh] done in 1137ms @ http://localhost:3000/mrciphersmith/_next/static/chunks/node_modules_next_dist_115brz8._.js:2431
[    1238ms] [INFO] %cDownload the React DevTools for a better development experience: https://react.dev/link/react-devtools font-weight:bold @ http://localhost:3000/mrciphersmith/_next/static/chunks/node_modules_next_dist_115brz8._.js:2431
[    1272ms] [LOG] [HMR] connected @ http://localhost:3000/mrciphersmith/_next/static/chunks/node_modules_next_dist_115brz8._.js:2431
[    4290ms] [WARNING] The resource http://localhost:3000/mrciphersmith/_next/static/media/70bc3e132a0a741e-s.p.1409xf.ylxg8g.woff2 was preloaded using link preload but not used within a few seconds from the window's load event. Please make sure it has an appropriate `as` value and it is preloaded intentionally. @ http://localhost:3000/mrciphersmith:0
[    4290ms] [WARNING] The resource http://localhost:3000/mrciphersmith/_next/static/media/caa3a2e1cccd8315-s.p.16t1db8_9y2o~.woff2 was preloaded using link preload but not used within a few seconds from the window's load event. Please make sure it has an appropriate `as` value and it is preloaded intentionally. @ http://localhost:3000/mrciphersmith:0
[    7128ms] [LOG] [Fast Refresh] rebuilding @ http://localhost:3000/mrciphersmith/_next/static/chunks/node_modules_next_dist_115brz8._.js:2431
[    7163ms] [LOG] [Fast Refresh] done in 78ms @ http://localhost:3000/mrciphersmith/_next/static/chunks/node_modules_next_dist_115brz8._.js:2431
[   19248ms] [LOG] [Fast Refresh] rebuilding @ http://localhost:3000/mrciphersmith/_next/static/chunks/node_modules_next_dist_115brz8._.js:2431
[   19467ms] [LOG] [Fast Refresh] done in 311ms @ http://localhost:3000/mrciphersmith/_next/static/chunks/node_modules_next_dist_115brz8._.js:2431
[   45557ms] [LOG] [Fast Refresh] rebuilding @ http://localhost:3000/mrciphersmith/_next/static/chunks/node_modules_next_dist_115brz8._.js:2431
[   45564ms] [LOG] [Fast Refresh] done in 5ms @ http://localhost:3000/mrciphersmith/_next/static/chunks/node_modules_next_dist_115brz8._.js:2431
[   64786ms] [LOG] [Fast Refresh] rebuilding @ http://localhost:3000/mrciphersmith/_next/static/chunks/node_modules_next_dist_115brz8._.js:2431
[   64982ms] [LOG] [Fast Refresh] done in 248ms @ http://localhost:3000/mrciphersmith/_next/static/chunks/node_modules_next_dist_115brz8._.js:2431
[   65086ms] [LOG] [Fast Refresh] rebuilding @ http://localhost:3000/mrciphersmith/_next/static/chunks/node_modules_next_dist_115brz8._.js:2431
[   65093ms] [LOG] [Fast Refresh] done in 110ms @ http://localhost:3000/mrciphersmith/_next/static/chunks/node_modules_next_dist_115brz8._.js:2431
[   92674ms] [LOG] [Fast Refresh] rebuilding @ http://localhost:3000/mrciphersmith/_next/static/chunks/node_modules_next_dist_115brz8._.js:2431
[   92858ms] [LOG] [Fast Refresh] done in 245ms @ http://localhost:3000/mrciphersmith/_next/static/chunks/node_modules_next_dist_115brz8._.js:2431
[  106840ms] [LOG] [Fast Refresh] rebuilding @ http://localhost:3000/mrciphersmith/_next/static/chunks/node_modules_next_dist_115brz8._.js:2431
[  106870ms] [LOG] [Fast Refresh] done in 75ms @ http://localhost:3000/mrciphersmith/_next/static/chunks/node_modules_next_dist_115brz8._.js:2431
